2025-07-10 15:28:29,734 - INFO - WebDriver initialized
2025-07-10 15:28:29,852 - INFO - Navigated to https://acorn.utoronto.ca
2025-07-10 15:28:41,997 - INFO - Navigated to https://acorn.utoronto.ca/sws/#/courses/1
2025-07-10 15:28:41,998 - INFO - Logged in
2025-07-10 15:28:43,091 - INFO - Button clicked using regular click
2025-07-10 15:28:44,092 - INFO - Button clicked
2025-07-10 15:28:44,112 - INFO - Extracted Section Full
2025-07-10 15:28:44,122 - INFO - Extracted Section Full
2025-07-10 15:28:44,739 - INFO - Button clicked using regular click
2025-07-10 15:28:45,740 - INFO - Button clicked
2025-07-10 15:28:45,758 - INFO - Extracted Section Full
2025-07-10 15:28:46,372 - INFO - Button clicked using regular click
2025-07-10 15:28:47,373 - INFO - Button clicked
2025-07-10 15:28:47,388 - INFO - Extracted Currently Enrolled (Full)
2025-07-10 15:28:47,996 - INFO - Button clicked using regular click
2025-07-10 15:28:48,997 - INFO - Button clicked
2025-07-10 15:28:49,021 - INFO - Extracted 11 of 80 available.
2025-07-10 15:28:49,087 - INFO - Selected course
2025-07-10 15:29:42,521 - INFO - WebDriver initialized
2025-07-10 15:29:42,645 - INFO - Navigated to https://acorn.utoronto.ca
2025-07-10 15:29:53,265 - INFO - Navigated to https://acorn.utoronto.ca/sws/#/courses/1
2025-07-10 15:29:53,265 - INFO - Logged in
2025-07-10 15:29:54,336 - INFO - Button clicked using regular click
2025-07-10 15:29:55,337 - INFO - Button clicked
2025-07-10 15:29:55,352 - INFO - Extracted Section Full
2025-07-10 15:29:55,361 - INFO - Extracted Section Full
2025-07-10 15:29:55,991 - INFO - Button clicked using regular click
2025-07-10 15:29:56,992 - INFO - Button clicked
2025-07-10 15:29:57,022 - INFO - Extracted Section Full
2025-07-10 15:29:57,691 - INFO - Button clicked using regular click
2025-07-10 15:29:58,692 - INFO - Button clicked
2025-07-10 15:29:58,712 - INFO - Extracted Currently Enrolled (Full)
2025-07-10 15:29:59,309 - INFO - Button clicked using regular click
2025-07-10 15:30:00,310 - INFO - Button clicked
2025-07-10 15:30:00,322 - INFO - Extracted 11 of 80 available.
2025-07-10 15:30:00,396 - INFO - Selected course
2025-07-10 15:30:00,396 - INFO - --- 开始多线程通知任务 ---
2025-07-10 15:30:00,397 - INFO - [音量调整线程] 开始调整系统音量...
2025-07-10 15:30:00,399 - INFO - [WAV播放线程] 开始播放WAV文件: 周杰伦 - 外婆.wav...
2025-07-10 15:30:00,399 - INFO - [警告框线程] 开始弹出警告框...
2025-07-10 15:30:00,399 - INFO - 所有通知线程已启动。
2025-07-10 15:30:00,402 - INFO - [WAV播放线程] WAV文件 '周杰伦 - 外婆.wav' 已开始异步播放。
2025-07-10 15:30:01,661 - INFO - [音量调整线程] 系统音量已调大 25 格。
2025-07-10 15:32:19,133 - INFO - [警告框线程] 警告框 '选课提醒 - 课选好了' 已成功弹出。
2025-07-10 15:32:19,138 - INFO - 警告框线程已完成，所有通知任务（包括异步播放）都已处理。
2025-07-10 15:32:23,854 - INFO - Button clicked using JavaScript
2025-07-10 15:32:24,855 - INFO - Button clicked
2025-07-10 15:32:24,886 - INFO - Extracted Section Full
2025-07-10 15:32:24,912 - INFO - Extracted Section Full
2025-07-10 15:32:26,822 - INFO - Button clicked using JavaScript
2025-07-10 15:32:27,823 - INFO - Button clicked
2025-07-10 15:32:27,858 - INFO - Extracted Section Full
2025-07-10 15:33:44,404 - INFO - WebDriver initialized
2025-07-10 15:33:44,559 - INFO - Navigated to https://acorn.utoronto.ca
2025-07-10 15:33:56,718 - INFO - Navigated to https://acorn.utoronto.ca/sws/#/courses/1
2025-07-10 15:33:56,718 - INFO - Logged in
2025-07-10 15:33:57,840 - INFO - Button clicked using regular click
2025-07-10 15:33:58,840 - INFO - Button clicked
2025-07-10 15:33:58,867 - INFO - Extracted Section Full
2025-07-10 15:33:58,875 - INFO - Extracted Section Full
2025-07-10 15:33:59,506 - INFO - Button clicked using regular click
2025-07-10 15:34:00,507 - INFO - Button clicked
2025-07-10 15:34:00,539 - INFO - Extracted Section Full
2025-07-10 15:34:01,192 - INFO - Button clicked using regular click
2025-07-10 15:34:02,193 - INFO - Button clicked
2025-07-10 15:34:02,212 - INFO - Extracted Currently Enrolled (Full)
2025-07-10 15:34:02,848 - INFO - Button clicked using regular click
2025-07-10 15:34:03,848 - INFO - Button clicked
2025-07-10 15:34:03,864 - INFO - Extracted 11 of 80 available.
2025-07-10 15:34:03,985 - INFO - Selected course
2025-07-10 15:34:03,985 - INFO - --- 开始多线程通知任务 ---
2025-07-10 15:34:03,985 - INFO - [音量调整线程] 开始调整系统音量...
2025-07-10 15:34:03,986 - INFO - [WAV播放线程] 开始播放WAV文件: 周杰伦 - 外婆.wav...
2025-07-10 15:34:03,986 - INFO - [警告框线程] 开始弹出警告框...
2025-07-10 15:34:03,986 - INFO - 所有通知线程已启动。
2025-07-10 15:34:03,988 - INFO - [WAV播放线程] WAV文件 '周杰伦 - 外婆.wav' 已开始异步播放。
2025-07-10 15:34:05,247 - INFO - [音量调整线程] 系统音量已调大 25 格。
2025-07-10 15:34:09,020 - INFO - [警告框线程] 警告框 '选课提醒 - 课选好了' 已成功弹出。
2025-07-10 15:34:09,023 - INFO - 警告框线程已完成，所有通知任务（包括异步播放）都已处理。
2025-07-10 15:35:00,422 - INFO - WebDriver initialized
2025-07-10 15:35:00,524 - INFO - Navigated to https://acorn.utoronto.ca
2025-07-10 15:35:12,871 - INFO - Navigated to https://acorn.utoronto.ca/sws/#/courses/1
2025-07-10 15:35:12,871 - INFO - Logged in
2025-07-10 15:35:13,951 - INFO - Button clicked using regular click
2025-07-10 15:35:14,952 - INFO - Button clicked
2025-07-10 15:35:14,981 - INFO - Extracted Section Full
2025-07-10 15:35:14,993 - INFO - Extracted Section Full
2025-07-10 15:35:15,620 - INFO - Button clicked using regular click
2025-07-10 15:35:16,621 - INFO - Button clicked
2025-07-10 15:35:16,642 - INFO - Extracted Section Full
2025-07-10 15:35:17,807 - INFO - Button clicked using regular click
2025-07-10 15:35:18,808 - INFO - Button clicked
2025-07-10 15:35:18,819 - INFO - Extracted Currently Enrolled (Full)
2025-07-10 15:35:19,423 - INFO - Button clicked using regular click
2025-07-10 15:35:20,424 - INFO - Button clicked
2025-07-10 15:35:20,447 - INFO - Extracted 10 of 80 available.
2025-07-10 15:35:20,568 - INFO - Selected course
2025-07-10 15:35:20,568 - INFO - --- 开始多线程通知任务 ---
2025-07-10 15:35:20,569 - INFO - [音量调整线程] 开始调整系统音量...
2025-07-10 15:35:20,569 - INFO - [WAV播放线程] 开始播放WAV文件: 周杰伦 - 外婆.wav...
2025-07-10 15:35:20,569 - INFO - [警告框线程] 开始弹出警告框...
2025-07-10 15:35:20,569 - INFO - 所有通知线程已启动。
2025-07-10 15:35:20,572 - INFO - [WAV播放线程] WAV文件 '周杰伦 - 外婆.wav' 已开始异步播放。
2025-07-10 15:35:21,833 - INFO - [音量调整线程] 系统音量已调大 25 格。
2025-07-10 15:35:36,958 - INFO - [警告框线程] 警告框 '选课提醒 - 课选好了' 已成功弹出。
2025-07-10 15:35:36,960 - INFO - 警告框线程已完成，所有通知任务（包括异步播放）都已处理。
2025-07-10 15:39:22,342 - WARNING - The chromedriver version (137.0.7151.119) detected in PATH at C:\Users\IWMAI\Documents\chromedriver\chromedriver.exe might not be compatible with the detected chrome version (138.0.7204.97); currently, chromedriver 138.0.7204.94 is recommended for chrome 138.*, so it is advised to delete the driver in PATH and retry
2025-07-10 15:39:23,740 - INFO - WebDriver initialized
2025-07-10 15:39:23,993 - INFO - Navigated to https://acorn.utoronto.ca
2025-07-10 15:40:05,560 - INFO - Navigated to https://acorn.utoronto.ca/sws/#/courses/1
2025-07-10 15:40:05,561 - INFO - Logged in
2025-07-10 15:40:06,765 - INFO - Button clicked using regular click
2025-07-10 15:40:07,766 - INFO - Button clicked
2025-07-10 15:40:07,801 - INFO - Extracted Section Full
2025-07-10 15:40:07,825 - INFO - Extracted Section Full
2025-07-10 15:40:08,485 - INFO - Button clicked using regular click
2025-07-10 15:40:09,486 - INFO - Button clicked
2025-07-10 15:40:09,501 - INFO - Extracted Section Full
2025-07-10 15:40:10,164 - INFO - Button clicked using regular click
2025-07-10 15:40:11,165 - INFO - Button clicked
2025-07-10 15:40:11,182 - INFO - Extracted Currently Enrolled (Full)
2025-07-10 15:40:11,820 - INFO - Button clicked using regular click
2025-07-10 15:40:12,821 - INFO - Button clicked
2025-07-10 15:40:12,837 - INFO - Extracted Currently Enrolled
(9 of 80 available)
2025-07-10 15:40:12,982 - INFO - Selected course
2025-07-10 15:40:12,982 - INFO - --- 开始多线程通知任务 ---
2025-07-10 15:40:12,982 - INFO - [音量调整线程] 开始调整系统音量...
2025-07-10 15:40:12,983 - INFO - [WAV播放线程] 开始播放WAV文件: 周杰伦 - 外婆.wav...
2025-07-10 15:40:12,983 - INFO - [警告框线程] 开始弹出警告框...
2025-07-10 15:40:12,983 - INFO - 所有通知线程已启动。
2025-07-10 15:40:12,986 - INFO - [WAV播放线程] WAV文件 '周杰伦 - 外婆.wav' 已开始异步播放。
2025-07-10 15:40:14,244 - INFO - [音量调整线程] 系统音量已调大 25 格。
2025-07-10 15:40:26,912 - INFO - [警告框线程] 警告框 '选课提醒 - 课选好了' 已成功弹出。
2025-07-10 15:40:26,913 - INFO - 警告框线程已完成，所有通知任务（包括异步播放）都已处理。
2025-07-10 15:40:33,402 - WARNING - The chromedriver version (137.0.7151.119) detected in PATH at C:\Users\IWMAI\Documents\chromedriver\chromedriver.exe might not be compatible with the detected chrome version (138.0.7204.97); currently, chromedriver 138.0.7204.94 is recommended for chrome 138.*, so it is advised to delete the driver in PATH and retry
2025-07-10 15:40:34,558 - INFO - WebDriver initialized
2025-07-10 15:40:34,729 - INFO - Navigated to https://acorn.utoronto.ca
2025-07-10 15:40:48,562 - INFO - Navigated to https://acorn.utoronto.ca/sws/#/courses/1
2025-07-10 15:40:48,562 - INFO - Logged in
2025-07-10 15:40:49,662 - INFO - Button clicked using regular click
2025-07-10 15:40:50,663 - INFO - Button clicked
2025-07-10 15:40:50,684 - INFO - Extracted Section Full
2025-07-10 15:40:50,697 - INFO - Extracted Section Full
2025-07-10 15:40:51,384 - INFO - Button clicked using regular click
2025-07-10 15:40:52,385 - INFO - Button clicked
2025-07-10 15:40:52,397 - INFO - Extracted Section Full
2025-07-10 15:40:53,055 - INFO - Button clicked using regular click
2025-07-10 15:40:54,057 - INFO - Button clicked
2025-07-10 15:40:54,076 - INFO - Extracted Currently Enrolled (Full)
2025-07-10 15:40:54,725 - INFO - Button clicked using regular click
2025-07-10 15:40:55,726 - INFO - Button clicked
2025-07-10 15:40:55,740 - INFO - Extracted Currently Enrolled
(9 of 80 available)
2025-07-10 15:40:55,873 - INFO - Selected course
2025-07-10 15:40:55,874 - INFO - --- 开始多线程通知任务 ---
2025-07-10 15:40:55,874 - INFO - [音量调整线程] 开始调整系统音量...
2025-07-10 15:40:55,874 - INFO - [WAV播放线程] 开始播放WAV文件: 周杰伦 - 外婆.wav...
2025-07-10 15:40:55,874 - INFO - [警告框线程] 开始弹出警告框...
2025-07-10 15:40:55,874 - INFO - 所有通知线程已启动。
2025-07-10 15:40:55,876 - INFO - [WAV播放线程] WAV文件 '周杰伦 - 外婆.wav' 已开始异步播放。
2025-07-10 15:40:57,132 - INFO - [音量调整线程] 系统音量已调大 25 格。
2025-07-10 15:41:01,264 - INFO - [警告框线程] 警告框 '选课提醒 - 课选好了' 已成功弹出。
2025-07-10 15:41:01,264 - INFO - 警告框线程已完成，所有通知任务（包括异步播放）都已处理。
2025-07-10 15:41:18,011 - WARNING - The chromedriver version (137.0.7151.119) detected in PATH at C:\Users\IWMAI\Documents\chromedriver\chromedriver.exe might not be compatible with the detected chrome version (138.0.7204.97); currently, chromedriver 138.0.7204.94 is recommended for chrome 138.*, so it is advised to delete the driver in PATH and retry
2025-07-10 15:41:19,400 - INFO - WebDriver initialized
2025-07-10 15:41:19,597 - INFO - Navigated to https://acorn.utoronto.ca
2025-07-10 15:41:31,784 - INFO - Navigated to https://acorn.utoronto.ca/sws/#/courses/1
2025-07-10 15:41:31,784 - INFO - Logged in
2025-07-10 15:41:32,897 - INFO - Button clicked using regular click
2025-07-10 15:41:33,898 - INFO - Button clicked
2025-07-10 15:41:33,917 - INFO - Extracted Section Full
2025-07-10 15:41:33,932 - INFO - Extracted Section Full
2025-07-10 15:41:34,591 - INFO - Button clicked using regular click
2025-07-10 15:41:35,591 - INFO - Button clicked
2025-07-10 15:41:35,604 - INFO - Extracted Section Full
2025-07-10 15:41:36,258 - INFO - Button clicked using regular click
2025-07-10 15:41:37,259 - INFO - Button clicked
2025-07-10 15:41:37,277 - INFO - Extracted Currently Enrolled (Full)
2025-07-10 15:41:40,917 - INFO - Button clicked using regular click
2025-07-10 15:41:41,919 - INFO - Button clicked
2025-07-10 15:41:41,931 - INFO - Extracted Section Full
2025-07-10 15:41:41,942 - INFO - Extracted Section Full
2025-07-10 15:41:42,605 - INFO - Button clicked using regular click
2025-07-10 15:41:43,607 - INFO - Button clicked
2025-07-10 15:41:43,621 - INFO - Extracted Section Full
2025-07-10 15:41:44,268 - INFO - Button clicked using regular click
2025-07-10 15:41:45,269 - INFO - Button clicked
2025-07-10 15:41:45,283 - INFO - Extracted Currently Enrolled (Full)
2025-07-10 15:41:48,936 - INFO - Button clicked using regular click
2025-07-10 15:41:49,938 - INFO - Button clicked
2025-07-10 15:41:49,952 - INFO - Extracted Section Full
2025-07-10 15:41:49,964 - INFO - Extracted Section Full
2025-07-10 15:41:50,596 - INFO - Button clicked using regular click
2025-07-10 15:41:51,597 - INFO - Button clicked
2025-07-10 15:41:51,612 - INFO - Extracted Section Full
2025-07-10 15:41:52,255 - INFO - Button clicked using regular click
2025-07-10 15:41:53,257 - INFO - Button clicked
2025-07-10 15:41:53,273 - INFO - Extracted Currently Enrolled (Full)
2025-07-10 15:41:56,915 - INFO - Button clicked using regular click
2025-07-10 15:41:57,916 - INFO - Button clicked
2025-07-10 15:41:57,930 - INFO - Extracted Section Full
2025-07-10 15:41:57,956 - INFO - Extracted Section Full
2025-07-10 15:41:58,601 - INFO - Button clicked using regular click
2025-07-10 15:41:59,603 - INFO - Button clicked
2025-07-10 15:41:59,619 - INFO - Extracted Section Full
2025-07-10 15:42:00,265 - INFO - Button clicked using regular click
2025-07-10 15:42:01,266 - INFO - Button clicked
2025-07-10 15:42:01,281 - INFO - Extracted Currently Enrolled (Full)
2025-07-10 15:42:04,945 - INFO - Button clicked using regular click
2025-07-10 15:42:05,947 - INFO - Button clicked
2025-07-10 15:42:05,962 - INFO - Extracted Section Full
2025-07-10 15:42:05,976 - INFO - Extracted Section Full
2025-07-10 15:42:06,661 - INFO - Button clicked using regular click
2025-07-10 15:42:07,662 - INFO - Button clicked
2025-07-10 15:42:07,677 - INFO - Extracted Section Full
2025-07-10 15:42:08,324 - INFO - Button clicked using regular click
2025-07-10 15:42:09,325 - INFO - Button clicked
2025-07-10 15:42:09,339 - INFO - Extracted Currently Enrolled (Full)
2025-07-10 15:42:13,011 - INFO - Button clicked using regular click
2025-07-10 15:42:14,013 - INFO - Button clicked
2025-07-10 15:42:14,028 - INFO - Extracted Section Full
2025-07-10 15:42:14,042 - INFO - Extracted Section Full
2025-07-10 15:42:14,722 - INFO - Button clicked using regular click
2025-07-10 15:42:15,723 - INFO - Button clicked
2025-07-10 15:42:15,738 - INFO - Extracted Section Full
2025-07-10 15:42:16,394 - INFO - Button clicked using regular click
2025-07-10 15:42:17,395 - INFO - Button clicked
2025-07-10 15:42:17,412 - INFO - Extracted Currently Enrolled (Full)
2025-07-10 15:42:21,062 - INFO - Button clicked using regular click
2025-07-10 15:42:22,063 - INFO - Button clicked
2025-07-10 15:42:22,078 - INFO - Extracted Section Full
2025-07-10 15:42:22,088 - INFO - Extracted Section Full
2025-07-10 15:42:22,758 - INFO - Button clicked using regular click
2025-07-10 15:42:23,759 - INFO - Button clicked
2025-07-10 15:42:23,773 - INFO - Extracted Section Full
2025-07-10 15:42:24,422 - INFO - Button clicked using regular click
2025-07-10 15:42:25,423 - INFO - Button clicked
2025-07-10 15:42:25,438 - INFO - Extracted Currently Enrolled (Full)
2025-07-10 15:42:29,093 - INFO - Button clicked using regular click
2025-07-10 15:42:30,094 - INFO - Button clicked
2025-07-10 15:42:30,104 - INFO - Extracted Section Full
2025-07-10 15:42:30,114 - INFO - Extracted Section Full
2025-07-10 15:42:30,758 - INFO - Button clicked using regular click
2025-07-10 15:42:31,759 - INFO - Button clicked
2025-07-10 15:42:31,770 - INFO - Extracted Section Full
2025-07-10 15:42:32,418 - INFO - Button clicked using regular click
2025-07-10 15:42:33,420 - INFO - Button clicked
2025-07-10 15:42:33,434 - INFO - Extracted Currently Enrolled (Full)
2025-07-10 15:42:37,079 - INFO - Button clicked using regular click
2025-07-10 15:42:38,079 - INFO - Button clicked
2025-07-10 15:42:38,092 - INFO - Extracted Section Full
2025-07-10 15:42:38,103 - INFO - Extracted Section Full
2025-07-10 15:42:38,790 - INFO - Button clicked using regular click
2025-07-10 15:42:39,790 - INFO - Button clicked
2025-07-10 15:42:39,806 - INFO - Extracted Section Full
2025-07-10 15:42:40,478 - INFO - Button clicked using regular click
2025-07-10 15:42:41,479 - INFO - Button clicked
2025-07-10 15:42:41,495 - INFO - Extracted Currently Enrolled (Full)
2025-07-10 15:42:45,125 - INFO - Button clicked using regular click
2025-07-10 15:42:46,126 - INFO - Button clicked
2025-07-10 15:42:46,131 - INFO - Extracted Section Full
2025-07-10 15:42:46,142 - INFO - Extracted Section Full
2025-07-10 15:42:46,789 - INFO - Button clicked using regular click
2025-07-10 15:42:47,791 - INFO - Button clicked
2025-07-10 15:42:47,806 - INFO - Extracted Section Full
2025-07-10 15:42:48,465 - INFO - Button clicked using regular click
2025-07-10 15:42:49,470 - INFO - Button clicked
2025-07-10 15:42:49,537 - INFO - Extracted Currently Enrolled (Full)
2025-07-10 15:42:53,234 - INFO - Button clicked using regular click
2025-07-10 15:42:54,235 - INFO - Button clicked
2025-07-10 15:42:54,250 - INFO - Extracted Section Full
2025-07-10 15:42:54,262 - INFO - Extracted Section Full
2025-07-10 15:42:54,932 - INFO - Button clicked using regular click
2025-07-10 15:42:55,933 - INFO - Button clicked
2025-07-10 15:42:55,947 - INFO - Extracted Section Full
2025-07-10 15:42:56,592 - INFO - Button clicked using regular click
2025-07-10 15:42:57,594 - INFO - Button clicked
2025-07-10 15:42:57,609 - INFO - Extracted Currently Enrolled (Full)
2025-07-10 15:43:01,275 - INFO - Button clicked using regular click
2025-07-10 15:43:02,277 - INFO - Button clicked
2025-07-10 15:43:02,292 - INFO - Extracted Section Full
2025-07-10 15:43:02,303 - INFO - Extracted Section Full
2025-07-10 15:43:02,947 - INFO - Button clicked using regular click
2025-07-10 15:43:03,949 - INFO - Button clicked
2025-07-10 15:43:03,965 - INFO - Extracted Section Full
2025-07-10 15:43:04,621 - INFO - Button clicked using regular click
2025-07-10 15:43:05,622 - INFO - Button clicked
2025-07-10 15:43:05,637 - INFO - Extracted Currently Enrolled (Full)
2025-07-10 15:43:09,285 - INFO - Button clicked using regular click
2025-07-10 15:43:10,286 - INFO - Button clicked
2025-07-10 15:43:10,301 - INFO - Extracted Section Full
2025-07-10 15:43:10,313 - INFO - Extracted Section Full
2025-07-10 15:43:10,958 - INFO - Button clicked using regular click
2025-07-10 15:43:11,959 - INFO - Button clicked
2025-07-10 15:43:11,980 - INFO - Extracted Section Full
2025-07-10 15:43:12,624 - INFO - Button clicked using regular click
2025-07-10 15:43:13,625 - INFO - Button clicked
2025-07-10 15:43:13,641 - INFO - Extracted Currently Enrolled (Full)
2025-07-10 15:43:17,289 - INFO - Button clicked using regular click
2025-07-10 15:43:18,290 - INFO - Button clicked
2025-07-10 15:43:18,306 - INFO - Extracted Section Full
2025-07-10 15:43:18,319 - INFO - Extracted Section Full
2025-07-10 15:43:18,962 - INFO - Button clicked using regular click
2025-07-10 15:43:20,054 - INFO - Button clicked
2025-07-10 15:43:20,072 - INFO - Extracted Section Full
2025-07-10 15:43:20,772 - INFO - Button clicked using regular click
2025-07-10 15:43:21,772 - INFO - Button clicked
2025-07-10 15:43:21,786 - INFO - Extracted Currently Enrolled (Full)
2025-07-10 15:43:25,444 - INFO - Button clicked using regular click
2025-07-10 15:43:26,445 - INFO - Button clicked
2025-07-10 15:43:26,456 - INFO - Extracted Section Full
2025-07-10 15:43:26,466 - INFO - Extracted Section Full
2025-07-10 15:43:27,118 - INFO - Button clicked using regular click
2025-07-10 15:43:28,119 - INFO - Button clicked
2025-07-10 15:43:28,134 - INFO - Extracted Section Full
2025-07-10 15:43:28,978 - INFO - Button clicked using regular click
2025-07-10 15:43:29,978 - INFO - Button clicked
2025-07-10 15:43:29,994 - INFO - Extracted Currently Enrolled (Full)
2025-07-10 15:43:35,416 - WARNING - The chromedriver version (137.0.7151.119) detected in PATH at C:\Users\IWMAI\Documents\chromedriver\chromedriver.exe might not be compatible with the detected chrome version (138.0.7204.97); currently, chromedriver 138.0.7204.94 is recommended for chrome 138.*, so it is advised to delete the driver in PATH and retry
2025-07-10 15:43:36,598 - INFO - WebDriver initialized
2025-07-10 15:43:36,771 - INFO - Navigated to https://acorn.utoronto.ca
